Parsing file: input_options_2000_100_8.txt
Finished parsing the file 
type_input: 
type_output: 
outputFile: 
type_input: 
type_output: 
outputFile: 
type_input: 
type_output: 
outputFile: 
type_input: 
type_output: 
outputFile: 
type_input: 
type_output: 
outputFile: 
type_input: 
type_output: 
outputFile: 
type_input: 
type_output: 
outputFile: 
type_input: Plummer
type_output: text
outputFile: testing_2000_8
box_size: 50
timestep: 0.1
newton_g: 0.00449956
softening: 10
tree_thres: 1.5
scale_radius: 10
box_size: 50
timestep: 0.1
newton_g: 0.00449956
softening: 10
tree_thres: 1.5
scale_radius: 10
n_time_steps: 100
n_particles: 2000
box_size: 50
timestep: 0.1
newton_g: 0.00449956
softening: 10
tree_thres: 1.5
scale_radius: 10
n_time_steps: 100
n_particles: 2000
box_size: 50
timestep: 0.1
newton_g: 0.00449956
softening: 10
tree_thres: 1.5
scale_radius: 10
n_time_steps: 100
n_particles: 2000
box_size: 50
timestep: 0.1
newton_g: 0.00449956
softening: 10
tree_thres: 1.5
scale_radius: 10
n_time_steps: 100
n_particles: 2000
box_size: 50
timestep: 0.1
newton_g: 0.00449956
softening: 10
tree_thres: 1.5
scale_radius: 10
n_time_steps: 100
n_particles: 2000
Initializing particles with: Plummer
n_time_steps: 100
n_particles: 2000
box_size: 50
timestep: 0.1
newton_g: 0.00449956
softening: 10
tree_thres: 1.5
scale_radius: 10
n_time_steps: 100
n_particles: 2000
box_size: 50
timestep: 0.1
newton_g: 0.00449956
softening: 10
tree_thres: 1.5
scale_radius: 10
n_time_steps: 100
n_particles: 2000
P0 has particles: 2000
P0 has n_time_steps 100
P0 time step 0
P2 has particles: 2000
P2 has n_time_steps 100
P2 time step 0
P3 has particles: 2000
P3 has n_time_steps 100
P3 time step 0
P4 has particles: 2000
P4 has n_time_steps 100
P4 time step 0
P5 has particles: 2000
P5 has n_time_steps 100
P5 time step 0
P1 has particles: 2000
P1 has n_time_steps 100
P1 time step 0
P6 has particles: 2000
P6 has n_time_steps 100
P6 time step 0
P7 has particles: 2000
P7 has n_time_steps 100
P7 time step 0
P1 time step 1
P6 time step 1
P5 time step 1
P0 time step 1
P2 time step 1
P3 time step 1
P4 time step 1
P7 time step 1
P0 time step 2
P4 time step 2
P1 time step 2
P6 time step 2
P5 time step 2
P7 time step 2
P2 time step 2
P3 time step 2
P0 time step 3
P6 time step 3
P5 time step 3
P7 time step 3
P2 time step 3
P3 time step 3
P4 time step 3
P1 time step 3
P2 time step 4
P3 time step 4
P4 time step 4
P0 time step 4
P6 time step 4
P5 time step 4
P7 time step 4
P1 time step 4
P0 time step 5
P7 time step 5
P2 time step 5
P3 time step 5
P4 time step 5
P1 time step 5
P6 time step 5
P5 time step 5
P0 time step 6
P7 time step 6
P2 time step 6
P3 time step 6
P4 time step 6
P1 time step 6
P6 time step 6
P5 time step 6
P6 time step 7
P0 time step 7
P7 time step 7
P2 time step 7
P3 time step 7
P4 time step 7
P1 time step 7
P5 time step 7
P0 time step 8
P6 time step 8
P5 time step 8
P7 time step 8
P2 time step 8
P3 time step 8
P4 time step 8
P1 time step 8
P4 time step 9
P0 time step 9
P6 time step 9
P5 time step 9
P7 time step 9
P2 time step 9
P3 time step 9
P1 time step 9
P3 time step 10
P4 time step 10
P0 time step 10
P6 time step 10
P5 time step 10
P7 time step 10
P2 time step 10
P1 time step 10
P0 time step 11
P2 time step 11
P3 time step 11
P4 time step 11
P1 time step 11
P6 time step 11
P5 time step 11
P7 time step 11
P0 time step 12
P3 time step 12
P4 time step 12
P1 time step 12
P6 time step 12
P5 time step 12
P7 time step 12
P2 time step 12
P5 time step 13
P7 time step 13
P0 time step 13
P3 time step 13
P4 time step 13
P1 time step 13
P6 time step 13
P2 time step 13
P0 time step 14
P6 time step 14
P5 time step 14
P7 time step 14
P2 time step 14
P3 time step 14
P4 time step 14
P1 time step 14
P0 time step 15
P1 time step 15
P6 time step 15
P5 time step 15
P7 time step 15
P2 time step 15
P3 time step 15
P4 time step 15
P0 time step 16
P1 time step 16
P6 time step 16
P5 time step 16
P7 time step 16
P2 time step 16
P3 time step 16
P4 time step 16
P0 time step 17
P3 time step 17
P4 time step 17
P1 time step 17
P6 time step 17
P5 time step 17
P7 time step 17
P2 time step 17
P0 time step 18
P2 time step 18
P3 time step 18
P4 time step 18
P1 time step 18
P6 time step 18
P5 time step 18
P7 time step 18
P0 time step 19
P2 time step 19
P3 time step 19
P4 time step 19
P1 time step 19
P6 time step 19
P5 time step 19
P7 time step 19
P5 time step 20
P0 time step 20
P2 time step 20
P3 time step 20
P4 time step 20
P1 time step 20
P6 time step 20
P7 time step 20
P6 time step 21
P5 time step 21
P0 time step 21
P2 time step 21
P3 time step 21
P4 time step 21
P1 time step 21
P7 time step 21
P0 time step 22
P1 time step 22
P6 time step 22
P5 time step 22
P7 time step 22
P2 time step 22
P3 time step 22
P4 time step 22
P0 time step 23
P1 time step 23
P6 time step 23
P5 time step 23
P7 time step 23
P2 time step 23
P3 time step 23
P4 time step 23
P0 time step 24
P3 time step 24
P4 time step 24
P1 time step 24
P6 time step 24
P5 time step 24
P7 time step 24
P2 time step 24
P0 time step 25
P2 time step 25
P3 time step 25
P4 time step 25
P1 time step 25
P6 time step 25
P5 time step 25
P7 time step 25
P0 time step 26
P7 time step 26
P2 time step 26
P3 time step 26
P4 time step 26
P1 time step 26
P6 time step 26
P5 time step 26
P0 time step 27
P7 time step 27
P2 time step 27
P3 time step 27
P4 time step 27
P1 time step 27
P6 time step 27
P5 time step 27
P0 time step 28
P6 time step 28
P5 time step 28
P7 time step 28
P2 time step 28
P3 time step 28
P4 time step 28
P1 time step 28
P0 time step 29
P6 time step 29
P5 time step 29
P7 time step 29
P2 time step 29
P3 time step 29
P4 time step 29
P1 time step 29
P0 time step 30
P4 time step 30
P1 time step 30
P6 time step 30
P5 time step 30
P7 time step 30
P2 time step 30
P3 time step 30
P0 time step 31
P4 time step 31
P1 time step 31
P6 time step 31
P5 time step 31
P7 time step 31
P2 time step 31
P3 time step 31
P2 time step 32
P0 time step 32
P4 time step 32
P1 time step 32
P6 time step 32
P5 time step 32
P7 time step 32
P3 time step 32
P0 time step 33
P2 time step 33
P3 time step 33
P4 time step 33
P1 time step 33
P6 time step 33
P5 time step 33
P7 time step 33
P5 time step 34
P0 time step 34
P2 time step 34
P3 time step 34
P4 time step 34
P1 time step 34
P6 time step 34
P7 time step 34
P6 time step 35
P5 time step 35
P0 time step 35
P2 time step 35
P3 time step 35
P4 time step 35
P1 time step 35
P7 time step 35
P1 time step 36
P6 time step 36
P5 time step 36
P0 time step 36
P2 time step 36
P3 time step 36
P4 time step 36
P7 time step 36
P0 time step 37
P4 time step 37
P1 time step 37
P6 time step 37
P5 time step 37
P7 time step 37
P2 time step 37
P3 time step 37
P0 time step 38
P4 time step 38
P1 time step 38
P6 time step 38
P5 time step 38
P7 time step 38
P2 time step 38
P3 time step 38
P0 time step 39
P2 time step 39
P3 time step 39
P4 time step 39
P1 time step 39
P6 time step 39
P5 time step 39
P7 time step 39
P0 time step 40
P2 time step 40
P3 time step 40
P4 time step 40
P1 time step 40
P6 time step 40
P5 time step 40
P7 time step 40
P5 time step 41
P0 time step 41
P2 time step 41
P3 time step 41
P4 time step 41
P1 time step 41
P6 time step 41
P7 time step 41
P6 time step 42
P5 time step 42
P0 time step 42
P2 time step 42
P3 time step 42
P4 time step 42
P1 time step 42
P7 time step 42
P0 time step 43
P1 time step 43
P6 time step 43
P5 time step 43
P7 time step 43
P2 time step 43
P3 time step 43
P4 time step 43
P0 time step 44
P1 time step 44
P6 time step 44
P5 time step 44
P7 time step 44
P2 time step 44
P3 time step 44
P4 time step 44
P3 time step 45
P0 time step 45
P1 time step 45
P6 time step 45
P5 time step 45
P7 time step 45
P2 time step 45
P4 time step 45
P0 time step 46
P2 time step 46
P3 time step 46
P4 time step 46
P1 time step 46
P6 time step 46
P5 time step 46
P7 time step 46
P0 time step 47
P2 time step 47
P3 time step 47
P4 time step 47
P1 time step 47
P6 time step 47
P5 time step 47
P7 time step 47
P0 time step 48
P5 time step 48
P7 time step 48
P2 time step 48
P3 time step 48
P4 time step 48
P1 time step 48
P6 time step 48
P0 time step 49
P6 time step 49
P5 time step 49
P7 time step 49
P2 time step 49
P3 time step 49
P4 time step 49
P1 time step 49
P0 time step 50
P6 time step 50
P5 time step 50
P7 time step 50
P2 time step 50
P3 time step 50
P4 time step 50
P1 time step 50
P0 time step 51
P4 time step 51
P1 time step 51
P6 time step 51
P5 time step 51
P7 time step 51
P2 time step 51
P3 time step 51
P0 time step 52
P3 time step 52
P4 time step 52
P1 time step 52
P6 time step 52
P5 time step 52
P7 time step 52
P2 time step 52
P0 time step 53
P2 time step 53
P3 time step 53
P4 time step 53
P1 time step 53
P6 time step 53
P5 time step 53
P7 time step 53
P0 time step 54
P2 time step 54
P3 time step 54
P4 time step 54
P1 time step 54
P6 time step 54
P5 time step 54
P7 time step 54
P5 time step 55
P0 time step 55
P2 time step 55
P3 time step 55
P4 time step 55
P1 time step 55
P6 time step 55
P7 time step 55
P0 time step 56
P6 time step 56
P5 time step 56
P7 time step 56
P2 time step 56
P3 time step 56
P4 time step 56
P1 time step 56
P0 time step 57
P1 time step 57
P6 time step 57
P5 time step 57
P7 time step 57
P2 time step 57
P3 time step 57
P4 time step 57
P0 time step 58
P1 time step 58
P6 time step 58
P5 time step 58
P7 time step 58
P2 time step 58
P3 time step 58
P4 time step 58
P0 time step 59
P3 time step 59
P4 time step 59
P1 time step 59
P6 time step 59
P5 time step 59
P7 time step 59
P2 time step 59
P0 time step 60
P3 time step 60
P4 time step 60
P1 time step 60
P6 time step 60
P5 time step 60
P7 time step 60
P2 time step 60
P7 time step 61
P0 time step 61
P3 time step 61
P4 time step 61
P1 time step 61
P6 time step 61
P5 time step 61
P2 time step 61
P5 time step 62
P7 time step 62
P0 time step 62
P3 time step 62
P4 time step 62
P1 time step 62
P6 time step 62
P2 time step 62
P6 time step 63
P5 time step 63
P7 time step 63
P0 time step 63
P3 time step 63
P4 time step 63
P1 time step 63
P2 time step 63
P1 time step 64
P6 time step 64
P5 time step 64
P7 time step 64
P0 time step 64
P3 time step 64
P4 time step 64
P2 time step 64
P6 time step 65
P5 time step 65
P7 time step 65
P0 time step 65
P3 time step 65
P2 time step 65
P4 time step 65
P1 time step 65
P2 time step 66
P4 time step 66
P3 time step 66
P6 time step 66
P5 time step 66
P7 time step 66
P0 time step 66
P1 time step 66
P0 time step 67
P2 time step 67
P4 time step 67
P3 time step 67
P6 time step 67
P5 time step 67
P7 time step 67
P1 time step 67
P0 time step 68
P7 time step 68
P1 time step 68
P2 time step 68
P4 time step 68
P3 time step 68
P6 time step 68
P5 time step 68
P0 time step 69
P7 time step 69
P1 time step 69
P2 time step 69
P4 time step 69
P3 time step 69
P6 time step 69
P5 time step 69
P0 time step 70
P6 time step 70
P5 time step 70
P7 time step 70
P1 time step 70
P2 time step 70
P4 time step 70
P3 time step 70
P0 time step 71
P6 time step 71
P5 time step 71
P7 time step 71
P1 time step 71
P2 time step 71
P4 time step 71
P3 time step 71
P4 time step 72
P0 time step 72
P6 time step 72
P5 time step 72
P7 time step 72
P1 time step 72
P2 time step 72
P3 time step 72
P0 time step 73
P2 time step 73
P4 time step 73
P3 time step 73
P6 time step 73
P5 time step 73
P7 time step 73
P1 time step 73
P0 time step 74
P2 time step 74
P4 time step 74
P3 time step 74
P6 time step 74
P5 time step 74
P7 time step 74
P1 time step 74
P0 time step 75
P2 time step 75
P4 time step 75
P3 time step 75
P6 time step 75
P5 time step 75
P7 time step 75
P1 time step 75
P5 time step 76
P7 time step 76
P0 time step 76
P2 time step 76
P4 time step 76
P3 time step 76
P6 time step 76
P1 time step 76
P6 time step 77
P5 time step 77
P7 time step 77
P0 time step 77
P2 time step 77
P4 time step 77
P3 time step 77
P1 time step 77
P3 time step 78
P6 time step 78
P5 time step 78
P7 time step 78
P0 time step 78
P2 time step 78
P4 time step 78
P1 time step 78
P0 time step 79
P4 time step 79
P3 time step 79
P6 time step 79
P5 time step 79
P7 time step 79
P1 time step 79
P2 time step 79
P0 time step 80
P4 time step 80
P3 time step 80
P6 time step 80
P5 time step 80
P7 time step 80
P1 time step 80
P2 time step 80
P1 time step 81
P0 time step 81
P4 time step 81
P3 time step 81
P6 time step 81
P5 time step 81
P7 time step 81
P2 time step 81
P7 time step 82
P1 time step 82
P0 time step 82
P4 time step 82
P3 time step 82
P6 time step 82
P5 time step 82
P2 time step 82
P5 time step 83
P7 time step 83
P1 time step 83
P0 time step 83
P4 time step 83
P3 time step 83
P6 time step 83
P2 time step 83
P6 time step 84
P5 time step 84
P7 time step 84
P1 time step 84
P0 time step 84
P4 time step 84
P3 time step 84
P2 time step 84
P0 time step 85
P3 time step 85
P6 time step 85
P5 time step 85
P7 time step 85
P1 time step 85
P2 time step 85
P4 time step 85
P0 time step 86
P3 time step 86
P6 time step 86
P5 time step 86
P7 time step 86
P1 time step 86
P2 time step 86
P4 time step 86
P2 time step 87
P0 time step 87
P3 time step 87
P6 time step 87
P5 time step 87
P7 time step 87
P1 time step 87
P4 time step 87
P1 time step 88
P2 time step 88
P0 time step 88
P3 time step 88
P6 time step 88
P5 time step 88
P7 time step 88
P4 time step 88
P0 time step 89
P7 time step 89
P1 time step 89
P2 time step 89
P4 time step 89
P3 time step 89
P6 time step 89
P5 time step 89
P0 time step 90
P7 time step 90
P1 time step 90
P2 time step 90
P4 time step 90
P3 time step 90
P6 time step 90
P5 time step 90
P6 time step 91
P0 time step 91
P7 time step 91
P1 time step 91
P2 time step 91
P4 time step 91
P3 time step 91
P5 time step 91
P0 time step 92
P3 time step 92
P6 time step 92
P5 time step 92
P7 time step 92
P1 time step 92
P2 time step 92
P4 time step 92
P0 time step 93
P3 time step 93
P6 time step 93
P5 time step 93
P7 time step 93
P1 time step 93
P2 time step 93
P4 time step 93
P2 time step 94
P0 time step 94
P3 time step 94
P6 time step 94
P5 time step 94
P7 time step 94
P1 time step 94
P4 time step 94
P1 time step 95
P2 time step 95
P0 time step 95
P3 time step 95
P6 time step 95
P5 time step 95
P7 time step 95
P4 time step 95
P0 time step 96
P7 time step 96
P1 time step 96
P2 time step 96
P4 time step 96
P3 time step 96
P6 time step 96
P5 time step 96
P0 time step 97
P7 time step 97
P1 time step 97
P2 time step 97
P4 time step 97
P3 time step 97
P6 time step 97
P5 time step 97
P6 time step 98
P0 time step 98
P7 time step 98
P1 time step 98
P2 time step 98
P4 time step 98
P3 time step 98
P5 time step 98
P0 time step 99
P3 time step 99
P6 time step 99
P5 time step 99
P7 time step 99
P1 time step 99
P2 time step 99
P4 time step 99
P0 Timing: 0 is 4.13244e-09
P0 Timing: 1 is 0.00026838
P0 Timing: 2 is 6.70306e-07
P4 Timing: 0 is 4.12635e-09
P4 Timing: 1 is 0.000267323
P4 Timing: 2 is 1.77251e-06
P3 Timing: 0 is 4.11995e-09
P3 Timing: 1 is 0.000266814
P3 Timing: 2 is 2.28292e-06
P6 Timing: 0 is 4.20601e-09
P6 Timing: 1 is 0.000267936
P6 Timing: 2 is 1.15239e-06
P5 Timing: 0 is 4.10834e-09
P5 Timing: 1 is 0.00026683
P5 Timing: 2 is 2.26666e-06
P7 Timing: 0 is 4.14868e-09
P7 Timing: 1 is 0.000266156
P7 Timing: 2 is 2.93871e-06
P1 Timing: 0 is 4.1105e-09
P1 Timing: 1 is 0.000266768
P1 Timing: 2 is 2.32812e-06
P2 Timing: 0 is 4.11651e-09
P2 Timing: 1 is 0.000268246
P2 Timing: 2 is 8.48083e-07
Gobal Times Timing: 0 is 3.30688e-08
Gobal Times Timing: 1 is 0.00213845
Gobal Times Timing: 2 is 1.42597e-05
