Parsing file: input_options_3000_100_2.txt
Finished parsing the file 
type_input: Plummer
type_output: text
outputFile: testing_3000_2
type_input: 
type_output: 
outputFile: 
box_size: 50
timestep: 0.1
newton_g: 0.00449956
softening: 10
tree_thres: 1.5
scale_radius: 10
n_time_steps: 100
n_particles: 3000
box_size: 50
timestep: 0.1
newton_g: 0.00449956
softening: 10
tree_thres: 1.5
scale_radius: 10
n_time_steps: 100
n_particles: 3000
Initializing particles with: Plummer
P1 has particles: 3000
P1 has n_time_steps 100
P1 time step 0
P0 has particles: 3000
P0 has n_time_steps 100
P0 time step 0
P1 time step 1
P0 time step 1
P1 time step 2
P0 time step 2
P1 time step 3
P0 time step 3
P0 time step 4
P1 time step 4
P0 time step 5
P1 time step 5
P0 time step 6
P1 time step 6
P0 time step 7
P1 time step 7
P0 time step 8
P1 time step 8
P0 time step 9
P1 time step 9
P0 time step 10
P1 time step 10
P0 time step 11
P1 time step 11
P0 time step 12
P1 time step 12
P0 time step 13
P1 time step 13
P0 time step 14
P1 time step 14
P0 time step 15
P1 time step 15
P0 time step 16
P1 time step 16
P0 time step 17
P1 time step 17
P0 time step 18
P1 time step 18
P0 time step 19
P1 time step 19
P0 time step 20
P1 time step 20
P0 time step 21
P1 time step 21
P0 time step 22
P1 time step 22
P0 time step 23
P1 time step 23
P0 time step 24
P1 time step 24
P0 time step 25
P1 time step 25
P0 time step 26
P1 time step 26
P0 time step 27
P1 time step 27
P0 time step 28
P1 time step 28
P0 time step 29
P1 time step 29
P0 time step 30
P1 time step 30
P0 time step 31
P1 time step 31
P0 time step 32
P1 time step 32
P0 time step 33
P1 time step 33
P0 time step 34
P1 time step 34
P0 time step 35
P1 time step 35
P0 time step 36
P1 time step 36
P0 time step 37
P1 time step 37
P0 time step 38
P1 time step 38
P0 time step 39
P1 time step 39
P0 time step 40
P1 time step 40
P0 time step 41
P1 time step 41
P0 time step 42
P1 time step 42
P0 time step 43
P1 time step 43
P0 time step 44
P1 time step 44
P0 time step 45
P1 time step 45
P0 time step 46
P1 time step 46
P0 time step 47
P1 time step 47
P0 time step 48
P1 time step 48
P0 time step 49
P1 time step 49
P0 time step 50
P1 time step 50
P0 time step 51
P1 time step 51
P0 time step 52
P1 time step 52
P0 time step 53
P1 time step 53
P0 time step 54
P1 time step 54
P0 time step 55
P1 time step 55
P0 time step 56
P1 time step 56
P0 time step 57
P1 time step 57
P0 time step 58
P1 time step 58
P0 time step 59
P1 time step 59
P0 time step 60
P1 time step 60
P0 time step 61
P1 time step 61
P0 time step 62
P1 time step 62
P0 time step 63
P1 time step 63
P0 time step 64
P1 time step 64
P0 time step 65
P1 time step 65
P0 time step 66
P1 time step 66
P0 time step 67
P1 time step 67
P0 time step 68
P1 time step 68
P0 time step 69
P1 time step 69
P0 time step 70
P1 time step 70
P0 time step 71
P1 time step 71
P0 time step 72
P1 time step 72
P0 time step 73
P1 time step 73
P0 time step 74
P1 time step 74
P0 time step 75
P1 time step 75
P0 time step 76
P1 time step 76
P0 time step 77
P1 time step 77
P0 time step 78
P1 time step 78
P0 time step 79
P1 time step 79
P0 time step 80
P1 time step 80
P0 time step 81
P1 time step 81
P0 time step 82
P1 time step 82
P0 time step 83
P1 time step 83
P0 time step 84
P1 time step 84
P0 time step 85
P1 time step 85
P0 time step 86
P1 time step 86
P0 time step 87
P1 time step 87
P0 time step 88
P1 time step 88
P0 time step 89
P1 time step 89
P0 time step 90
P1 time step 90
P0 time step 91
P1 time step 91
P0 time step 92
P1 time step 92
P0 time step 93
P1 time step 93
P0 time step 94
P1 time step 94
P0 time step 95
P1 time step 95
P0 time step 96
P1 time step 96
P0 time step 97
P1 time step 97
P0 time step 98
P1 time step 98
P0 time step 99
P1 time step 99
P0 Timing: 0 is 5.61042e-09
P0 Timing: 1 is 0.00220474
P0 Timing: 2 is 4.21613e-06
P1 Timing: 0 is 5.64226e-09
P1 Timing: 1 is 0.0022085
P1 Timing: 2 is 5.12946e-07
Gobal Times Timing: 0 is 1.12527e-08
Gobal Times Timing: 1 is 0.00441324
Gobal Times Timing: 2 is 4.72907e-06
