Parsing file: input_options_2000_100_32.txt
Finished parsing the file 
type_input: 
type_output: 
outputFile: 
box_size: 50
timestep: 0.1
newton_g: 0.00449956
softening: 10
tree_thres: 1.5
scale_radius: 10
n_time_steps: 100
n_particles: 2000
type_input: 
type_output: 
outputFile: 
box_size: 50
timestep: 0.1
newton_g: 0.00449956
softening: 10
tree_thres: 1.5
scale_radius: 10
n_time_steps: 100
n_particles: 2000
type_input: 
type_output: 
outputFile: 
box_size: 50
timestep: 0.1
newton_g: 0.00449956
softening: 10
tree_thres: 1.5
scale_radius: 10
n_time_steps: 100
n_particles: 2000
type_input: 
type_output: 
outputFile: 
box_size: 50
timestep: 0.1
newton_g: 0.00449956
softening: 10
tree_thres: 1.5
scale_radius: 10
n_time_steps: 100
n_particles: 2000
type_input: 
type_output: 
outputFile: 
box_size: 50
timestep: 0.1
newton_g: 0.00449956
softening: 10
tree_thres: 1.5
scale_radius: 10
n_time_steps: 100
n_particles: 2000
type_input: 
type_output: 
outputFile: 
box_size: 50
timestep: 0.1
newton_g: 0.00449956
softening: 10
tree_thres: 1.5
scale_radius: 10
n_time_steps: 100
n_particles: 2000
type_input: 
type_output: 
outputFile: 
box_size: 50
timestep: 0.1
newton_g: 0.00449956
softening: 10
tree_thres: 1.5
scale_radius: 10
n_time_steps: 100
n_particles: 2000
type_input: 
type_output: 
outputFile: 
box_size: 50
timestep: 0.1
newton_g: 0.00449956
softening: 10
tree_thres: 1.5
scale_radius: 10
n_time_steps: 100
n_particles: 2000
type_input: 
type_output: 
outputFile: 
box_size: 50
timestep: 0.1
newton_g: 0.00449956
softening: 10
tree_thres: 1.5
scale_radius: 10
n_time_steps: 100
n_particles: 2000
type_input: 
type_output: 
outputFile: 
box_size: 50
timestep: 0.1
newton_g: 0.00449956
softening: 10
tree_thres: 1.5
scale_radius: 10
n_time_steps: 100
n_particles: 2000
type_input: 
type_output: 
outputFile: 
box_size: 50
timestep: 0.1
newton_g: 0.00449956
softening: 10
tree_thres: 1.5
scale_radius: 10
n_time_steps: 100
n_particles: 2000
type_input: 
type_output: 
outputFile: 
box_size: 50
timestep: 0.1
newton_g: 0.00449956
softening: 10
tree_thres: 1.5
scale_radius: 10
n_time_steps: 100
n_particles: 2000
type_input: 
type_output: 
outputFile: 
box_size: 50
timestep: 0.1
newton_g: 0.00449956
softening: 10
tree_thres: 1.5
scale_radius: 10
n_time_steps: 100
n_particles: 2000
type_input: 
type_output: 
outputFile: 
box_size: 50
timestep: 0.1
newton_g: 0.00449956
softening: 10
tree_thres: 1.5
scale_radius: 10
n_time_steps: 100
n_particles: 2000
type_input: 
type_output: 
outputFile: 
box_size: 50
timestep: 0.1
newton_g: 0.00449956
softening: 10
tree_thres: 1.5
scale_radius: 10
n_time_steps: 100
n_particles: 2000
type_input: Plummer
type_output: text
outputFile: testing_2000_32
box_size: 50
timestep: 0.1
newton_g: 0.00449956
softening: 10
tree_thres: 1.5
scale_radius: 10
n_time_steps: 100
n_particles: 2000
Initializing particles with: Plummer
type_input: 
type_output: 
outputFile: 
type_input: 
type_output: 
outputFile: 
type_input: 
type_output: 
outputFile: 
type_input: 
type_output: 
outputFile: 
type_input: 
type_output: 
outputFile: 
type_input: 
type_output: 
outputFile: 
type_input: 
type_output: 
outputFile: 
box_size: 50
timestep: 0.1
newton_g: 0.00449956
softening: 10
tree_thres: 1.5
scale_radius: 10
P0 has particles: 2000
P0 has n_time_steps 100
P0 time step 0
box_size: 50
timestep: 0.1
newton_g: 0.00449956
softening: 10
tree_thres: 1.5
scale_radius: 10
P15 has particles: 2000
P15 has n_time_steps 100
P15 time step 0
P1 has particles: 2000
P1 has n_time_steps 100
P1 time step 0
P2 has particles: 2000
P2 has n_time_steps 100
P2 time step 0
P3 has particles: 2000
P3 has n_time_steps 100
P3 time step 0
P4 has particles: 2000
P4 has n_time_steps 100
P4 time step 0
P5 has particles: 2000
P5 has n_time_steps 100
P5 time step 0
P6 has particles: 2000
P6 has n_time_steps 100
P6 time step 0
P7 has particles: 2000
P7 has n_time_steps 100
P7 time step 0
P8 has particles: 2000
P8 has n_time_steps 100
P8 time step 0
P9 has particles: 2000
P9 has n_time_steps 100
P9 time step 0
P10 has particles: 2000
P10 has n_time_steps 100
P10 time step 0
P11 has particles: 2000
P11 has n_time_steps 100
P11 time step 0
P12 has particles: 2000
P12 has n_time_steps 100
P12 time step 0
P13 has particles: 2000
P13 has n_time_steps 100
P13 time step 0
P14 has particles: 2000
P14 has n_time_steps 100
P14 time step 0
box_size: 50
timestep: 0.1
newton_g: 0.00449956
softening: 10
tree_thres: 1.5
scale_radius: 10
n_time_steps: 100
n_particles: 2000
n_time_steps: 100
n_particles: 2000
type_input: 
type_output: 
outputFile: 
box_size: 50
timestep: 0.1
newton_g: 0.00449956
softening: 10
tree_thres: 1.5
scale_radius: 10
n_time_steps: 100
n_particles: 2000
type_input: 
type_output: 
outputFile: 
box_size: 50
timestep: 0.1
newton_g: 0.00449956
softening: 10
tree_thres: 1.5
scale_radius: 10
n_time_steps: 100
n_particles: 2000
box_size: 50
timestep: 0.1
newton_g: 0.00449956
softening: 10
tree_thres: 1.5
scale_radius: 10
n_time_steps: 100
n_particles: 2000
type_input: 
type_output: 
outputFile: 
box_size: 50
timestep: 0.1
newton_g: 0.00449956
softening: 10
tree_thres: 1.5
scale_radius: 10
n_time_steps: 100
n_particles: 2000
n_time_steps: 100
n_particles: 2000
type_input: 
type_output: 
outputFile: 
box_size: 50
timestep: 0.1
newton_g: 0.00449956
softening: 10
tree_thres: 1.5
scale_radius: 10
n_time_steps: 100
n_particles: 2000
box_size: 50
timestep: 0.1
newton_g: 0.00449956
softening: 10
tree_thres: 1.5
scale_radius: 10
n_time_steps: 100
n_particles: 2000
type_input: 
type_output: 
outputFile: 
box_size: 50
timestep: 0.1
newton_g: 0.00449956
softening: 10
tree_thres: 1.5
scale_radius: 10
n_time_steps: 100
n_particles: 2000
box_size: 50
timestep: 0.1
newton_g: 0.00449956
softening: 10
tree_thres: 1.5
scale_radius: 10
n_time_steps: 100
n_particles: 2000
type_input: 
type_output: 
outputFile: 
box_size: 50
timestep: 0.1
newton_g: 0.00449956
softening: 10
tree_thres: 1.5
scale_radius: 10
n_time_steps: 100
n_particles: 2000
type_input: 
type_output: 
outputFile: 
box_size: 50
timestep: 0.1
newton_g: 0.00449956
softening: 10
tree_thres: 1.5
scale_radius: 10
n_time_steps: 100
n_particles: 2000
type_input: 
type_output: 
outputFile: 
box_size: 50
timestep: 0.1
newton_g: 0.00449956
softening: 10
tree_thres: 1.5
scale_radius: 10
n_time_steps: 100
n_particles: 2000
type_input: 
type_output: 
outputFile: 
box_size: 50
timestep: 0.1
newton_g: 0.00449956
softening: 10
tree_thres: 1.5
scale_radius: 10
n_time_steps: 100
n_particles: 2000
box_size: 50
timestep: 0.1
newton_g: 0.00449956
softening: 10
tree_thres: 1.5
scale_radius: 10
n_time_steps: 100
n_particles: 2000
P31 has particles: 2000
P31 has n_time_steps 100
P31 time step 0
P24 has particles: 2000
P24 has n_time_steps 100
P24 time step 0
P17 has particles: 2000
P17 has n_time_steps 100
P17 time step 0
P23 has particles: 2000
P23 has n_time_steps 100
P23 time step 0
P19 has particles: 2000
P19 has n_time_steps 100
P19 time step 0
P20 has particles: 2000
P20 has n_time_steps 100
P20 time step 0
P21 has particles: 2000
P21 has n_time_steps 100
P21 time step 0
P22 has particles: 2000
P22 has n_time_steps 100
P22 time step 0
P18 has particles: 2000
P18 has n_time_steps 100
P18 time step 0
P30 has particles: 2000
P30 has n_time_steps 100
P30 time step 0
P25 has particles: 2000
P25 has n_time_steps 100
P25 time step 0
P27 has particles: 2000
P27 has n_time_steps 100
P27 time step 0
P26 has particles: 2000
P26 has n_time_steps 100
P26 time step 0
P29 has particles: 2000
P29 has n_time_steps 100
P29 time step 0
P16 has particles: 2000
P16 has n_time_steps 100
P16 time step 0
P28 has particles: 2000
P28 has n_time_steps 100
P28 time step 0
P0 time step 1
P15 time step 1
P1 time step 1
P2 time step 1
P3 time step 1
P4 time step 1
P5 time step 1
P6 time step 1
P7 time step 1
P8 time step 1
P9 time step 1
P10 time step 1
P11 time step 1
P12 time step 1
P13 time step 1
P14 time step 1
P16 time step 1
P31 time step 1
P24 time step 1
P17 time step 1
P23 time step 1
P19 time step 1
P20 time step 1
P21 time step 1
P22 time step 1
P18 time step 1
P30 time step 1
P25 time step 1
P27 time step 1
P26 time step 1
P29 time step 1
P28 time step 1
P13 time step 2
P0 time step 2
P15 time step 2
P1 time step 2
P2 time step 2
P3 time step 2
P4 time step 2
P5 time step 2
P6 time step 2
P7 time step 2
P8 time step 2
P9 time step 2
P10 time step 2
P11 time step 2
P12 time step 2
P14 time step 2
P29 time step 2
P16 time step 2
P31 time step 2
P24 time step 2
P17 time step 2
P23 time step 2
P19 time step 2
P20 time step 2
P21 time step 2
P22 time step 2
P18 time step 2
P30 time step 2
P25 time step 2
P27 time step 2
P26 time step 2
P28 time step 2
P12 time step 3
P13 time step 3
P0 time step 3
P15 time step 3
P1 time step 3
P2 time step 3
P3 time step 3
P4 time step 3
P5 time step 3
P6 time step 3
P7 time step 3
P8 time step 3
P9 time step 3
P10 time step 3
P11 time step 3
P14 time step 3
P26 time step 3
P29 time step 3
P16 time step 3
P31 time step 3
P24 time step 3
P17 time step 3
P23 time step 3
P19 time step 3
P20 time step 3
P21 time step 3
P22 time step 3
P18 time step 3
P30 time step 3
P25 time step 3
P27 time step 3
P28 time step 3
P11 time step 4
P12 time step 4
P13 time step 4
P0 time step 4
P15 time step 4
P1 time step 4
P2 time step 4
P3 time step 4
P4 time step 4
P5 time step 4
P6 time step 4
P7 time step 4
P8 time step 4
P9 time step 4
P10 time step 4
P14 time step 4
P27 time step 4
P26 time step 4
P29 time step 4
P16 time step 4
P31 time step 4
P24 time step 4
P17 time step 4
P23 time step 4
P19 time step 4
P20 time step 4
P21 time step 4
P22 time step 4
P18 time step 4
P30 time step 4
P25 time step 4
P28 time step 4
P10 time step 5
P11 time step 5
P12 time step 5
P13 time step 5
P0 time step 5
P15 time step 5
P1 time step 5
P2 time step 5
P3 time step 5
P4 time step 5
P5 time step 5
P6 time step 5
P7 time step 5
P8 time step 5
P9 time step 5
P14 time step 5
P25 time step 5
P27 time step 5
P26 time step 5
P29 time step 5
P16 time step 5
P31 time step 5
P24 time step 5
P17 time step 5
P23 time step 5
P19 time step 5
P20 time step 5
P21 time step 5
P22 time step 5
P18 time step 5
P30 time step 5
P28 time step 5
P9 time step 6
P10 time step 6
P11 time step 6
P12 time step 6
P13 time step 6
P0 time step 6
P15 time step 6
P1 time step 6
P2 time step 6
P3 time step 6
P4 time step 6
P5 time step 6
P6 time step 6
P7 time step 6
P8 time step 6
P14 time step 6
P30 time step 6
P25 time step 6
P27 time step 6
P26 time step 6
P29 time step 6
P16 time step 6
P31 time step 6
P24 time step 6
P17 time step 6
P23 time step 6
P19 time step 6
P20 time step 6
P21 time step 6
P22 time step 6
P18 time step 6
P28 time step 6
P8 time step 7
P9 time step 7
P10 time step 7
P11 time step 7
P12 time step 7
P13 time step 7
P0 time step 7
P15 time step 7
P1 time step 7
P2 time step 7
P3 time step 7
P4 time step 7
P5 time step 7
P6 time step 7
P7 time step 7
P14 time step 7
P18 time step 7
P30 time step 7
P25 time step 7
P27 time step 7
P26 time step 7
P29 time step 7
P16 time step 7
P31 time step 7
P24 time step 7
P17 time step 7
P23 time step 7
P19 time step 7
P20 time step 7
P21 time step 7
P22 time step 7
P28 time step 7
P0 time step 8
P15 time step 8
P1 time step 8
P2 time step 8
P3 time step 8
P4 time step 8
P5 time step 8
P6 time step 8
P14 time step 8
P7 time step 8
P8 time step 8
P9 time step 8
P10 time step 8
P11 time step 8
P12 time step 8
P13 time step 8
P22 time step 8
P18 time step 8
P30 time step 8
P25 time step 8
P27 time step 8
P26 time step 8
P29 time step 8
P16 time step 8
P31 time step 8
P24 time step 8
P17 time step 8
P23 time step 8
P19 time step 8
P20 time step 8
P21 time step 8
P28 time step 8
P14 time step 9
P7 time step 9
P8 time step 9
P9 time step 9
P10 time step 9
P11 time step 9
P12 time step 9
P6 time step 9
P0 time step 9
P15 time step 9
P1 time step 9
P2 time step 9
P3 time step 9
P4 time step 9
P5 time step 9
P13 time step 9
P21 time step 9
P22 time step 9
P18 time step 9
P30 time step 9
P25 time step 9
P27 time step 9
P26 time step 9
P29 time step 9
P16 time step 9
P31 time step 9
P24 time step 9
P17 time step 9
P23 time step 9
P19 time step 9
P20 time step 9
P28 time step 9
P5 time step 10
P14 time step 10
P7 time step 10
P8 time step 10
P9 time step 10
P10 time step 10
P11 time step 10
P12 time step 10
P6 time step 10
P0 time step 10
P15 time step 10
P1 time step 10
P2 time step 10
P3 time step 10
P4 time step 10
P13 time step 10
P20 time step 10
P21 time step 10
P22 time step 10
P18 time step 10
P30 time step 10
P25 time step 10
P27 time step 10
P26 time step 10
P29 time step 10
P16 time step 10
P31 time step 10
P24 time step 10
P17 time step 10
P23 time step 10
P19 time step 10
P28 time step 10
P4 time step 11
P5 time step 11
P14 time step 11
P7 time step 11
P8 time step 11
P9 time step 11
P10 time step 11
P11 time step 11
P12 time step 11
P6 time step 11
P0 time step 11
P15 time step 11
P1 time step 11
P2 time step 11
P3 time step 11
P13 time step 11
P19 time step 11
P20 time step 11
P21 time step 11
P22 time step 11
P18 time step 11
P30 time step 11
P25 time step 11
P27 time step 11
P26 time step 11
P29 time step 11
P16 time step 11
P31 time step 11
P24 time step 11
P17 time step 11
P23 time step 11
P28 time step 11
P3 time step 12
P4 time step 12
P5 time step 12
P14 time step 12
P7 time step 12
P8 time step 12
P9 time step 12
P10 time step 12
P11 time step 12
P12 time step 12
P6 time step 12
P0 time step 12
P15 time step 12
P1 time step 12
P2 time step 12
P13 time step 12
P23 time step 12
P19 time step 12
P20 time step 12
P21 time step 12
P22 time step 12
P18 time step 12
P30 time step 12
P25 time step 12
P27 time step 12
P26 time step 12
P29 time step 12
P16 time step 12
P31 time step 12
P24 time step 12
P17 time step 12
P28 time step 12
P2 time step 13
P3 time step 13
P4 time step 13
P5 time step 13
P14 time step 13
P7 time step 13
P8 time step 13
P9 time step 13
P10 time step 13
P11 time step 13
P12 time step 13
P6 time step 13
P0 time step 13
P15 time step 13
P1 time step 13
P13 time step 13
P17 time step 13
P23 time step 13
P19 time step 13
P20 time step 13
P21 time step 13
P22 time step 13
P18 time step 13
P30 time step 13
P25 time step 13
P27 time step 13
P26 time step 13
P29 time step 13
P16 time step 13
P31 time step 13
P24 time step 13
P28 time step 13
P1 time step 14
P2 time step 14
P3 time step 14
P4 time step 14
P5 time step 14
P14 time step 14
P7 time step 14
P8 time step 14
P9 time step 14
P10 time step 14
P11 time step 14
P12 time step 14
P6 time step 14
P0 time step 14
P15 time step 14
P13 time step 14
P24 time step 14
P17 time step 14
P23 time step 14
P19 time step 14
P20 time step 14
P21 time step 14
P22 time step 14
P18 time step 14
P30 time step 14
P25 time step 14
P27 time step 14
P26 time step 14
P29 time step 14
P16 time step 14
P31 time step 14
P28 time step 14
P15 time step 15
P1 time step 15
P2 time step 15
P3 time step 15
P4 time step 15
P5 time step 15
P14 time step 15
P7 time step 15
P8 time step 15
P9 time step 15
P10 time step 15
P11 time step 15
P12 time step 15
P6 time step 15
P0 time step 15
P13 time step 15
P31 time step 15
P24 time step 15
P17 time step 15
P23 time step 15
P19 time step 15
P20 time step 15
P21 time step 15
P22 time step 15
P18 time step 15
P30 time step 15
P25 time step 15
P27 time step 15
P26 time step 15
P29 time step 15
P16 time step 15
P28 time step 15
P0 time step 16
P15 time step 16
P1 time step 16
P2 time step 16
P3 time step 16
P4 time step 16
P5 time step 16
P14 time step 16
P7 time step 16
P8 time step 16
P9 time step 16
P10 time step 16
P11 time step 16
P12 time step 16
P6 time step 16
P13 time step 16
P16 time step 16
P31 time step 16
P24 time step 16
P17 time step 16
P23 time step 16
P19 time step 16
P20 time step 16
P21 time step 16
P22 time step 16
P18 time step 16
P30 time step 16
P25 time step 16
P27 time step 16
P26 time step 16
P29 time step 16
P28 time step 16
P6 time step 17
P0 time step 17
P15 time step 17
P1 time step 17
P2 time step 17
P3 time step 17
P4 time step 17
P5 time step 17
P14 time step 17
P7 time step 17
P8 time step 17
P9 time step 17
P10 time step 17
P11 time step 17
P12 time step 17
P13 time step 17
P29 time step 17
P16 time step 17
P31 time step 17
P24 time step 17
P17 time step 17
P23 time step 17
P19 time step 17
P20 time step 17
P21 time step 17
P22 time step 17
P18 time step 17
P30 time step 17
P25 time step 17
P27 time step 17
P26 time step 17
P28 time step 17
P6 time step 18
P0 time step 18
P1 time step 18
P2 time step 18
P3 time step 18
P4 time step 18
P5 time step 18
P7 time step 18
P8 time step 18
P12 time step 18
P13 time step 18
P15 time step 18
P14 time step 18
P9 time step 18
P10 time step 18
P11 time step 18
P26 time step 18
P29 time step 18
P16 time step 18
P31 time step 18
P24 time step 18
P17 time step 18
P23 time step 18
P19 time step 18
P20 time step 18
P21 time step 18
P22 time step 18
P18 time step 18
P30 time step 18
P25 time step 18
P27 time step 18
P28 time step 18
P8 time step 19
P12 time step 19
P6 time step 19
P13 time step 19
P0 time step 19
P1 time step 19
P2 time step 19
P3 time step 19
P4 time step 19
P15 time step 19
P5 time step 19
P7 time step 19
P14 time step 19
P9 time step 19
P10 time step 19
P11 time step 19
P27 time step 19
P26 time step 19
P29 time step 19
P16 time step 19
P31 time step 19
P24 time step 19
P17 time step 19
P23 time step 19
P19 time step 19
P20 time step 19
P21 time step 19
P22 time step 19
P18 time step 19
P30 time step 19
P25 time step 19
P28 time step 19
P6 time step 20
P13 time step 20
P0 time step 20
P1 time step 20
P2 time step 20
P3 time step 20
P4 time step 20
P15 time step 20
P5 time step 20
P7 time step 20
P14 time step 20
P9 time step 20
P11 time step 20
P10 time step 20
P8 time step 20
P12 time step 20
P25 time step 20
P27 time step 20
P26 time step 20
P29 time step 20
P16 time step 20
P31 time step 20
P24 time step 20
P17 time step 20
P23 time step 20
P19 time step 20
P20 time step 20
P21 time step 20
P22 time step 20
P18 time step 20
P30 time step 20
P28 time step 20
P11 time step 21
P10 time step 21
P8 time step 21
P9 time step 21
P6 time step 21
P13 time step 21
P0 time step 21
P1 time step 21
P2 time step 21
P3 time step 21
P4 time step 21
P15 time step 21
P5 time step 21
P7 time step 21
P14 time step 21
P12 time step 21
P30 time step 21
P25 time step 21
P27 time step 21
P26 time step 21
P29 time step 21
P16 time step 21
P31 time step 21
P24 time step 21
P17 time step 21
P23 time step 21
P19 time step 21
P20 time step 21
P21 time step 21
P22 time step 21
P18 time step 21
P28 time step 21
P14 time step 22
P11 time step 22
P10 time step 22
P8 time step 22
P9 time step 22
P6 time step 22
P13 time step 22
P0 time step 22
P1 time step 22
P2 time step 22
P3 time step 22
P4 time step 22
P15 time step 22
P5 time step 22
P7 time step 22
P12 time step 22
P18 time step 22
P30 time step 22
P25 time step 22
P27 time step 22
P26 time step 22
P29 time step 22
P16 time step 22
P31 time step 22
P24 time step 22
P17 time step 22
P23 time step 22
P19 time step 22
P20 time step 22
P21 time step 22
P22 time step 22
P28 time step 22
P7 time step 23
P14 time step 23
P11 time step 23
P10 time step 23
P8 time step 23
P9 time step 23
P6 time step 23
P13 time step 23
P0 time step 23
P1 time step 23
P2 time step 23
P3 time step 23
P4 time step 23
P15 time step 23
P5 time step 23
P12 time step 23
P22 time step 23
P18 time step 23
P30 time step 23
P25 time step 23
P27 time step 23
P26 time step 23
P29 time step 23
P16 time step 23
P31 time step 23
P24 time step 23
P17 time step 23
P23 time step 23
P19 time step 23
P20 time step 23
P21 time step 23
P28 time step 23
P5 time step 24
P7 time step 24
P14 time step 24
P11 time step 24
P10 time step 24
P8 time step 24
P9 time step 24
P6 time step 24
P13 time step 24
P0 time step 24
P1 time step 24
P2 time step 24
P3 time step 24
P4 time step 24
P15 time step 24
P12 time step 24
P21 time step 24
P22 time step 24
P18 time step 24
P30 time step 24
P25 time step 24
P27 time step 24
P26 time step 24
P29 time step 24
P16 time step 24
P31 time step 24
P24 time step 24
P17 time step 24
P23 time step 24
P19 time step 24
P20 time step 24
P28 time step 24
P5 time step 25
P7 time step 25
P14 time step 25
P11 time step 25
P10 time step 25
P8 time step 25
P9 time step 25
P6 time step 25
P13 time step 25
P0 time step 25
P1 time step 25
P2 time step 25
P3 time step 25
P4 time step 25
P12 time step 25
P15 time step 25
P20 time step 25
P21 time step 25
P22 time step 25
P18 time step 25
P30 time step 25
P25 time step 25
P27 time step 25
P26 time step 25
P29 time step 25
P16 time step 25
P31 time step 25
P24 time step 25
P17 time step 25
P23 time step 25
P19 time step 25
P28 time step 25
P4 time step 26
P5 time step 26
P7 time step 26
P14 time step 26
P11 time step 26
P10 time step 26
P8 time step 26
P9 time step 26
P6 time step 26
P13 time step 26
P0 time step 26
P1 time step 26
P2 time step 26
P3 time step 26
P15 time step 26
P12 time step 26
P19 time step 26
P20 time step 26
P21 time step 26
P22 time step 26
P18 time step 26
P30 time step 26
P25 time step 26
P27 time step 26
P26 time step 26
P29 time step 26
P16 time step 26
P31 time step 26
P24 time step 26
P17 time step 26
P23 time step 26
P28 time step 26
P15 time step 27
P3 time step 27
P4 time step 27
P5 time step 27
P7 time step 27
P14 time step 27
P11 time step 27
P10 time step 27
P8 time step 27
P9 time step 27
P6 time step 27
P13 time step 27
P0 time step 27
P1 time step 27
P2 time step 27
P12 time step 27
P23 time step 27
P19 time step 27
P20 time step 27
P21 time step 27
P22 time step 27
P18 time step 27
P30 time step 27
P25 time step 27
P27 time step 27
P26 time step 27
P29 time step 27
P16 time step 27
P31 time step 27
P24 time step 27
P17 time step 27
P28 time step 27
P2 time step 28
P15 time step 28
P3 time step 28
P4 time step 28
P5 time step 28
P7 time step 28
P14 time step 28
P11 time step 28
P10 time step 28
P8 time step 28
P9 time step 28
P6 time step 28
P13 time step 28
P0 time step 28
P1 time step 28
P12 time step 28
P17 time step 28
P23 time step 28
P19 time step 28
P20 time step 28
P21 time step 28
P22 time step 28
P18 time step 28
P30 time step 28
P25 time step 28
P27 time step 28
P26 time step 28
P29 time step 28
P16 time step 28
P31 time step 28
P24 time step 28
P28 time step 28
P1 time step 29
P2 time step 29
P3 time step 29
P4 time step 29
P5 time step 29
P8 time step 29
P9 time step 29
P6 time step 29
P13 time step 29
P0 time step 29
P12 time step 29
P15 time step 29
P7 time step 29
P14 time step 29
P11 time step 29
P10 time step 29
P24 time step 29
P17 time step 29
P23 time step 29
P19 time step 29
P20 time step 29
P21 time step 29
P22 time step 29
P18 time step 29
P30 time step 29
P25 time step 29
P27 time step 29
P26 time step 29
P29 time step 29
P16 time step 29
P31 time step 29
P28 time step 29
P0 time step 30
P1 time step 30
P12 time step 30
P2 time step 30
P3 time step 30
P4 time step 30
P15 time step 30
P7 time step 30
P14 time step 30
P11 time step 30
P5 time step 30
P8 time step 30
P9 time step 30
P6 time step 30
P13 time step 30
P10 time step 30
P31 time step 30
P24 time step 30
P17 time step 30
P23 time step 30
P19 time step 30
P20 time step 30
P21 time step 30
P22 time step 30
P18 time step 30
P30 time step 30
P25 time step 30
P27 time step 30
P26 time step 30
P29 time step 30
P16 time step 30
P28 time step 30
P13 time step 31
P0 time step 31
P1 time step 31
P12 time step 31
P2 time step 31
P3 time step 31
P4 time step 31
P15 time step 31
P7 time step 31
P14 time step 31
P11 time step 31
P5 time step 31
P8 time step 31
P9 time step 31
P6 time step 31
P10 time step 31
P16 time step 31
P31 time step 31
P24 time step 31
P17 time step 31
P23 time step 31
P19 time step 31
P20 time step 31
P21 time step 31
P22 time step 31
P18 time step 31
P30 time step 31
P25 time step 31
P27 time step 31
P26 time step 31
P29 time step 31
P28 time step 31
P6 time step 32
P0 time step 32
P1 time step 32
P12 time step 32
P2 time step 32
P3 time step 32
P4 time step 32
P15 time step 32
P7 time step 32
P14 time step 32
P11 time step 32
P5 time step 32
P8 time step 32
P9 time step 32
P10 time step 32
P13 time step 32
P29 time step 32
P16 time step 32
P31 time step 32
P24 time step 32
P17 time step 32
P23 time step 32
P19 time step 32
P20 time step 32
P21 time step 32
P22 time step 32
P18 time step 32
P30 time step 32
P25 time step 32
P27 time step 32
P26 time step 32
P28 time step 32
P9 time step 33
P10 time step 33
P6 time step 33
P0 time step 33
P1 time step 33
P12 time step 33
P2 time step 33
P3 time step 33
P4 time step 33
P15 time step 33
P7 time step 33
P14 time step 33
P11 time step 33
P5 time step 33
P8 time step 33
P13 time step 33
P26 time step 33
P29 time step 33
P16 time step 33
P31 time step 33
P24 time step 33
P17 time step 33
P23 time step 33
P19 time step 33
P20 time step 33
P21 time step 33
P22 time step 33
P18 time step 33
P30 time step 33
P25 time step 33
P27 time step 33
P28 time step 33
P8 time step 34
P9 time step 34
P10 time step 34
P6 time step 34
P0 time step 34
P1 time step 34
P12 time step 34
P2 time step 34
P3 time step 34
P4 time step 34
P15 time step 34
P7 time step 34
P14 time step 34
P11 time step 34
P5 time step 34
P13 time step 34
P27 time step 34
P26 time step 34
P29 time step 34
P16 time step 34
P31 time step 34
P24 time step 34
P17 time step 34
P23 time step 34
P19 time step 34
P20 time step 34
P21 time step 34
P22 time step 34
P18 time step 34
P30 time step 34
P25 time step 34
P28 time step 34
P5 time step 35
P8 time step 35
P9 time step 35
P10 time step 35
P6 time step 35
P0 time step 35
P1 time step 35
P12 time step 35
P2 time step 35
P3 time step 35
P4 time step 35
P15 time step 35
P7 time step 35
P14 time step 35
P11 time step 35
P13 time step 35
P25 time step 35
P27 time step 35
P26 time step 35
P29 time step 35
P16 time step 35
P31 time step 35
P24 time step 35
P17 time step 35
P23 time step 35
P19 time step 35
P20 time step 35
P21 time step 35
P22 time step 35
P18 time step 35
P30 time step 35
P28 time step 35
P5 time step 36
P6 time step 36
P0 time step 36
P1 time step 36
P12 time step 36
P2 time step 36
P3 time step 36
P4 time step 36
P15 time step 36
P7 time step 36
P14 time step 36
P13 time step 36
P11 time step 36
P8 time step 36
P9 time step 36
P10 time step 36
P30 time step 36
P25 time step 36
P27 time step 36
P26 time step 36
P29 time step 36
P16 time step 36
P31 time step 36
P24 time step 36
P17 time step 36
P23 time step 36
P19 time step 36
P20 time step 36
P21 time step 36
P22 time step 36
P18 time step 36
P28 time step 36
P13 time step 37
P14 time step 37
P11 time step 37
P8 time step 37
P9 time step 37
P5 time step 37
P6 time step 37
P0 time step 37
P1 time step 37
P12 time step 37
P2 time step 37
P3 time step 37
P4 time step 37
P15 time step 37
P7 time step 37
P10 time step 37
P18 time step 37
P30 time step 37
P25 time step 37
P27 time step 37
P26 time step 37
P29 time step 37
P16 time step 37
P31 time step 37
P24 time step 37
P17 time step 37
P23 time step 37
P19 time step 37
P20 time step 37
P21 time step 37
P22 time step 37
P28 time step 37
P7 time step 38
P13 time step 38
P14 time step 38
P11 time step 38
P8 time step 38
P9 time step 38
P5 time step 38
P6 time step 38
P0 time step 38
P1 time step 38
P12 time step 38
P2 time step 38
P3 time step 38
P4 time step 38
P15 time step 38
P10 time step 38
P22 time step 38
P18 time step 38
P30 time step 38
P25 time step 38
P27 time step 38
P26 time step 38
P29 time step 38
P16 time step 38
P31 time step 38
P24 time step 38
P17 time step 38
P23 time step 38
P19 time step 38
P20 time step 38
P21 time step 38
P28 time step 38
P5 time step 39
P6 time step 39
P0 time step 39
P1 time step 39
P12 time step 39
P2 time step 39
P3 time step 39
P4 time step 39
P10 time step 39
P15 time step 39
P7 time step 39
P13 time step 39
P14 time step 39
P11 time step 39
P8 time step 39
P9 time step 39
P21 time step 39
P22 time step 39
P18 time step 39
P30 time step 39
P25 time step 39
P27 time step 39
P26 time step 39
P29 time step 39
P16 time step 39
P31 time step 39
P24 time step 39
P17 time step 39
P23 time step 39
P19 time step 39
P20 time step 39
P28 time step 39
P10 time step 40
P15 time step 40
P7 time step 40
P13 time step 40
P14 time step 40
P11 time step 40
P8 time step 40
P4 time step 40
P5 time step 40
P6 time step 40
P0 time step 40
P1 time step 40
P12 time step 40
P2 time step 40
P3 time step 40
P9 time step 40
P20 time step 40
P21 time step 40
P22 time step 40
P18 time step 40
P30 time step 40
P25 time step 40
P27 time step 40
P26 time step 40
P29 time step 40
P16 time step 40
P31 time step 40
P24 time step 40
P17 time step 40
P23 time step 40
P19 time step 40
P28 time step 40
P3 time step 41
P10 time step 41
P15 time step 41
P7 time step 41
P13 time step 41
P14 time step 41
P11 time step 41
P8 time step 41
P4 time step 41
P5 time step 41
P6 time step 41
P0 time step 41
P1 time step 41
P12 time step 41
P2 time step 41
P9 time step 41
P19 time step 41
P20 time step 41
P21 time step 41
P22 time step 41
P18 time step 41
P30 time step 41
P25 time step 41
P27 time step 41
P26 time step 41
P29 time step 41
P16 time step 41
P31 time step 41
P24 time step 41
P17 time step 41
P23 time step 41
P28 time step 41
P2 time step 42
P3 time step 42
P10 time step 42
P15 time step 42
P7 time step 42
P13 time step 42
P14 time step 42
P11 time step 42
P8 time step 42
P4 time step 42
P5 time step 42
P6 time step 42
P0 time step 42
P1 time step 42
P12 time step 42
P9 time step 42
P23 time step 42
P19 time step 42
P20 time step 42
P21 time step 42
P22 time step 42
P18 time step 42
P30 time step 42
P25 time step 42
P27 time step 42
P26 time step 42
P29 time step 42
P16 time step 42
P31 time step 42
P24 time step 42
P17 time step 42
P28 time step 42
P12 time step 43
P2 time step 43
P3 time step 43
P10 time step 43
P15 time step 43
P7 time step 43
P13 time step 43
P14 time step 43
P11 time step 43
P8 time step 43
P4 time step 43
P5 time step 43
P6 time step 43
P0 time step 43
P1 time step 43
P9 time step 43
P17 time step 43
P23 time step 43
P19 time step 43
P20 time step 43
P21 time step 43
P22 time step 43
P18 time step 43
P30 time step 43
P25 time step 43
P27 time step 43
P26 time step 43
P29 time step 43
P16 time step 43
P31 time step 43
P24 time step 43
P28 time step 43
P1 time step 44
P12 time step 44
P2 time step 44
P3 time step 44
P10 time step 44
P15 time step 44
P7 time step 44
P13 time step 44
P14 time step 44
P11 time step 44
P8 time step 44
P4 time step 44
P5 time step 44
P6 time step 44
P0 time step 44
P9 time step 44
P24 time step 44
P17 time step 44
P23 time step 44
P19 time step 44
P20 time step 44
P21 time step 44
P22 time step 44
P18 time step 44
P30 time step 44
P25 time step 44
P27 time step 44
P26 time step 44
P29 time step 44
P16 time step 44
P31 time step 44
P28 time step 44
P0 time step 45
P1 time step 45
P12 time step 45
P2 time step 45
P3 time step 45
P10 time step 45
P15 time step 45
P7 time step 45
P13 time step 45
P14 time step 45
P11 time step 45
P8 time step 45
P4 time step 45
P5 time step 45
P6 time step 45
P9 time step 45
P31 time step 45
P24 time step 45
P17 time step 45
P23 time step 45
P19 time step 45
P20 time step 45
P21 time step 45
P22 time step 45
P18 time step 45
P30 time step 45
P25 time step 45
P27 time step 45
P26 time step 45
P29 time step 45
P16 time step 45
P28 time step 45
P6 time step 46
P0 time step 46
P1 time step 46
P12 time step 46
P2 time step 46
P3 time step 46
P10 time step 46
P15 time step 46
P7 time step 46
P13 time step 46
P14 time step 46
P11 time step 46
P8 time step 46
P4 time step 46
P5 time step 46
P9 time step 46
P16 time step 46
P31 time step 46
P24 time step 46
P17 time step 46
P23 time step 46
P19 time step 46
P20 time step 46
P21 time step 46
P22 time step 46
P18 time step 46
P30 time step 46
P25 time step 46
P27 time step 46
P26 time step 46
P29 time step 46
P28 time step 46
P5 time step 47
P6 time step 47
P0 time step 47
P1 time step 47
P12 time step 47
P2 time step 47
P3 time step 47
P10 time step 47
P15 time step 47
P7 time step 47
P13 time step 47
P14 time step 47
P11 time step 47
P8 time step 47
P4 time step 47
P9 time step 47
P29 time step 47
P16 time step 47
P31 time step 47
P24 time step 47
P17 time step 47
P23 time step 47
P19 time step 47
P20 time step 47
P21 time step 47
P22 time step 47
P18 time step 47
P30 time step 47
P25 time step 47
P27 time step 47
P26 time step 47
P28 time step 47
P4 time step 48
P5 time step 48
P6 time step 48
P0 time step 48
P1 time step 48
P12 time step 48
P2 time step 48
P3 time step 48
P10 time step 48
P15 time step 48
P7 time step 48
P13 time step 48
P14 time step 48
P11 time step 48
P8 time step 48
P9 time step 48
P26 time step 48
P29 time step 48
P16 time step 48
P31 time step 48
P24 time step 48
P17 time step 48
P23 time step 48
P19 time step 48
P20 time step 48
P21 time step 48
P22 time step 48
P18 time step 48
P30 time step 48
P25 time step 48
P27 time step 48
P28 time step 48
P8 time step 49
P4 time step 49
P5 time step 49
P6 time step 49
P0 time step 49
P1 time step 49
P12 time step 49
P2 time step 49
P3 time step 49
P10 time step 49
P15 time step 49
P7 time step 49
P13 time step 49
P14 time step 49
P11 time step 49
P9 time step 49
P27 time step 49
P26 time step 49
P29 time step 49
P16 time step 49
P31 time step 49
P24 time step 49
P17 time step 49
P23 time step 49
P19 time step 49
P20 time step 49
P21 time step 49
P22 time step 49
P18 time step 49
P30 time step 49
P25 time step 49
P28 time step 49
P11 time step 50
P8 time step 50
P4 time step 50
P5 time step 50
P6 time step 50
P0 time step 50
P1 time step 50
P12 time step 50
P2 time step 50
P3 time step 50
P10 time step 50
P15 time step 50
P7 time step 50
P13 time step 50
P14 time step 50
P9 time step 50
P25 time step 50
P27 time step 50
P26 time step 50
P29 time step 50
P16 time step 50
P31 time step 50
P24 time step 50
P17 time step 50
P23 time step 50
P19 time step 50
P20 time step 50
P21 time step 50
P22 time step 50
P18 time step 50
P30 time step 50
P28 time step 50
P4 time step 51
P5 time step 51
P6 time step 51
P0 time step 51
P1 time step 51
P2 time step 51
P3 time step 51
P14 time step 51
P11 time step 51
P8 time step 51
P9 time step 51
P12 time step 51
P10 time step 51
P15 time step 51
P7 time step 51
P13 time step 51
P30 time step 51
P25 time step 51
P27 time step 51
P26 time step 51
P29 time step 51
P16 time step 51
P31 time step 51
P24 time step 51
P17 time step 51
P23 time step 51
P19 time step 51
P20 time step 51
P21 time step 51
P22 time step 51
P18 time step 51
P28 time step 51
P3 time step 52
P14 time step 52
P11 time step 52
P8 time step 52
P4 time step 52
P5 time step 52
P6 time step 52
P0 time step 52
P9 time step 52
P1 time step 52
P2 time step 52
P12 time step 52
P10 time step 52
P15 time step 52
P7 time step 52
P13 time step 52
P18 time step 52
P30 time step 52
P25 time step 52
P27 time step 52
P26 time step 52
P29 time step 52
P16 time step 52
P31 time step 52
P24 time step 52
P17 time step 52
P23 time step 52
P19 time step 52
P20 time step 52
P21 time step 52
P22 time step 52
P28 time step 52
P7 time step 53
P3 time step 53
P14 time step 53
P11 time step 53
P8 time step 53
P4 time step 53
P5 time step 53
P6 time step 53
P0 time step 53
P9 time step 53
P1 time step 53
P2 time step 53
P12 time step 53
P10 time step 53
P15 time step 53
P13 time step 53
P22 time step 53
P18 time step 53
P30 time step 53
P25 time step 53
P27 time step 53
P26 time step 53
P29 time step 53
P16 time step 53
P31 time step 53
P24 time step 53
P17 time step 53
P23 time step 53
P19 time step 53
P20 time step 53
P21 time step 53
P28 time step 53
P3 time step 54
P4 time step 54
P5 time step 54
P6 time step 54
P0 time step 54
P1 time step 54
P2 time step 54
P7 time step 54
P13 time step 54
P14 time step 54
P11 time step 54
P8 time step 54
P9 time step 54
P12 time step 54
P10 time step 54
P15 time step 54
P21 time step 54
P22 time step 54
P18 time step 54
P30 time step 54
P25 time step 54
P27 time step 54
P26 time step 54
P29 time step 54
P16 time step 54
P31 time step 54
P24 time step 54
P17 time step 54
P23 time step 54
P19 time step 54
P20 time step 54
P28 time step 54
P10 time step 55
P2 time step 55
P7 time step 55
P13 time step 55
P14 time step 55
P11 time step 55
P3 time step 55
P4 time step 55
P5 time step 55
P6 time step 55
P8 time step 55
P0 time step 55
P1 time step 55
P9 time step 55
P12 time step 55
P15 time step 55
P20 time step 55
P21 time step 55
P22 time step 55
P18 time step 55
P30 time step 55
P25 time step 55
P27 time step 55
P26 time step 55
P29 time step 55
P16 time step 55
P31 time step 55
P24 time step 55
P17 time step 55
P23 time step 55
P19 time step 55
P28 time step 55
P12 time step 56
P10 time step 56
P2 time step 56
P7 time step 56
P13 time step 56
P14 time step 56
P11 time step 56
P3 time step 56
P4 time step 56
P5 time step 56
P6 time step 56
P8 time step 56
P0 time step 56
P1 time step 56
P9 time step 56
P15 time step 56
P19 time step 56
P20 time step 56
P21 time step 56
P22 time step 56
P18 time step 56
P30 time step 56
P25 time step 56
P27 time step 56
P26 time step 56
P29 time step 56
P16 time step 56
P31 time step 56
P24 time step 56
P17 time step 56
P23 time step 56
P28 time step 56
P2 time step 57
P3 time step 57
P4 time step 57
P5 time step 57
P6 time step 57
P8 time step 57
P0 time step 57
P1 time step 57
P15 time step 57
P9 time step 57
P12 time step 57
P10 time step 57
P7 time step 57
P13 time step 57
P14 time step 57
P11 time step 57
P23 time step 57
P19 time step 57
P20 time step 57
P21 time step 57
P22 time step 57
P18 time step 57
P30 time step 57
P25 time step 57
P27 time step 57
P26 time step 57
P29 time step 57
P16 time step 57
P31 time step 57
P24 time step 57
P17 time step 57
P28 time step 57
P15 time step 58
P9 time step 58
P12 time step 58
P1 time step 58
P10 time step 58
P7 time step 58
P13 time step 58
P14 time step 58
P2 time step 58
P3 time step 58
P4 time step 58
P5 time step 58
P6 time step 58
P8 time step 58
P0 time step 58
P11 time step 58
P17 time step 58
P23 time step 58
P19 time step 58
P20 time step 58
P21 time step 58
P22 time step 58
P18 time step 58
P30 time step 58
P25 time step 58
P27 time step 58
P26 time step 58
P29 time step 58
P16 time step 58
P31 time step 58
P24 time step 58
P28 time step 58
P0 time step 59
P15 time step 59
P9 time step 59
P12 time step 59
P1 time step 59
P10 time step 59
P7 time step 59
P13 time step 59
P14 time step 59
P2 time step 59
P3 time step 59
P4 time step 59
P5 time step 59
P6 time step 59
P8 time step 59
P11 time step 59
P24 time step 59
P17 time step 59
P23 time step 59
P19 time step 59
P20 time step 59
P21 time step 59
P22 time step 59
P18 time step 59
P30 time step 59
P25 time step 59
P27 time step 59
P26 time step 59
P29 time step 59
P16 time step 59
P31 time step 59
P28 time step 59
P8 time step 60
P0 time step 60
P15 time step 60
P9 time step 60
P12 time step 60
P1 time step 60
P10 time step 60
P7 time step 60
P13 time step 60
P14 time step 60
P2 time step 60
P3 time step 60
P4 time step 60
P5 time step 60
P6 time step 60
P11 time step 60
P31 time step 60
P24 time step 60
P17 time step 60
P23 time step 60
P19 time step 60
P20 time step 60
P21 time step 60
P22 time step 60
P18 time step 60
P30 time step 60
P25 time step 60
P27 time step 60
P26 time step 60
P29 time step 60
P16 time step 60
P28 time step 60
P6 time step 61
P8 time step 61
P0 time step 61
P15 time step 61
P9 time step 61
P12 time step 61
P1 time step 61
P10 time step 61
P7 time step 61
P13 time step 61
P14 time step 61
P2 time step 61
P3 time step 61
P4 time step 61
P5 time step 61
P11 time step 61
P16 time step 61
P31 time step 61
P24 time step 61
P17 time step 61
P23 time step 61
P19 time step 61
P20 time step 61
P21 time step 61
P22 time step 61
P18 time step 61
P30 time step 61
P25 time step 61
P27 time step 61
P26 time step 61
P29 time step 61
P28 time step 61
P5 time step 62
P6 time step 62
P8 time step 62
P0 time step 62
P15 time step 62
P9 time step 62
P12 time step 62
P1 time step 62
P10 time step 62
P7 time step 62
P13 time step 62
P14 time step 62
P2 time step 62
P3 time step 62
P4 time step 62
P11 time step 62
P29 time step 62
P16 time step 62
P31 time step 62
P24 time step 62
P17 time step 62
P23 time step 62
P19 time step 62
P20 time step 62
P21 time step 62
P22 time step 62
P18 time step 62
P30 time step 62
P25 time step 62
P27 time step 62
P26 time step 62
P28 time step 62
P4 time step 63
P5 time step 63
P6 time step 63
P8 time step 63
P0 time step 63
P15 time step 63
P9 time step 63
P12 time step 63
P1 time step 63
P10 time step 63
P7 time step 63
P13 time step 63
P14 time step 63
P2 time step 63
P3 time step 63
P11 time step 63
P26 time step 63
P29 time step 63
P16 time step 63
P31 time step 63
P24 time step 63
P17 time step 63
P23 time step 63
P19 time step 63
P20 time step 63
P21 time step 63
P22 time step 63
P18 time step 63
P30 time step 63
P25 time step 63
P27 time step 63
P28 time step 63
P3 time step 64
P4 time step 64
P5 time step 64
P6 time step 64
P8 time step 64
P0 time step 64
P15 time step 64
P9 time step 64
P12 time step 64
P1 time step 64
P10 time step 64
P7 time step 64
P13 time step 64
P14 time step 64
P2 time step 64
P11 time step 64
P27 time step 64
P26 time step 64
P29 time step 64
P16 time step 64
P31 time step 64
P24 time step 64
P17 time step 64
P23 time step 64
P19 time step 64
P20 time step 64
P21 time step 64
P22 time step 64
P18 time step 64
P30 time step 64
P25 time step 64
P28 time step 64
P2 time step 65
P3 time step 65
P4 time step 65
P5 time step 65
P6 time step 65
P8 time step 65
P0 time step 65
P15 time step 65
P9 time step 65
P12 time step 65
P1 time step 65
P10 time step 65
P7 time step 65
P13 time step 65
P14 time step 65
P11 time step 65
P25 time step 65
P27 time step 65
P26 time step 65
P29 time step 65
P16 time step 65
P31 time step 65
P24 time step 65
P17 time step 65
P23 time step 65
P19 time step 65
P20 time step 65
P21 time step 65
P22 time step 65
P18 time step 65
P30 time step 65
P28 time step 65
P2 time step 66
P3 time step 66
P4 time step 66
P5 time step 66
P6 time step 66
P8 time step 66
P0 time step 66
P15 time step 66
P9 time step 66
P12 time step 66
P1 time step 66
P10 time step 66
P7 time step 66
P13 time step 66
P11 time step 66
P14 time step 66
P30 time step 66
P25 time step 66
P27 time step 66
P26 time step 66
P29 time step 66
P16 time step 66
P31 time step 66
P24 time step 66
P17 time step 66
P23 time step 66
P19 time step 66
P20 time step 66
P21 time step 66
P22 time step 66
P18 time step 66
P28 time step 66
P11 time step 67
P13 time step 67
P2 time step 67
P3 time step 67
P4 time step 67
P5 time step 67
P6 time step 67
P8 time step 67
P0 time step 67
P15 time step 67
P9 time step 67
P12 time step 67
P1 time step 67
P10 time step 67
P7 time step 67
P14 time step 67
P18 time step 67
P30 time step 67
P25 time step 67
P27 time step 67
P26 time step 67
P29 time step 67
P16 time step 67
P31 time step 67
P24 time step 67
P17 time step 67
P23 time step 67
P19 time step 67
P20 time step 67
P21 time step 67
P22 time step 67
P28 time step 67
P7 time step 68
P11 time step 68
P13 time step 68
P2 time step 68
P3 time step 68
P4 time step 68
P5 time step 68
P6 time step 68
P8 time step 68
P0 time step 68
P15 time step 68
P9 time step 68
P12 time step 68
P1 time step 68
P10 time step 68
P14 time step 68
P22 time step 68
P18 time step 68
P30 time step 68
P25 time step 68
P27 time step 68
P26 time step 68
P29 time step 68
P16 time step 68
P31 time step 68
P24 time step 68
P17 time step 68
P23 time step 68
P19 time step 68
P20 time step 68
P21 time step 68
P28 time step 68
P10 time step 69
P7 time step 69
P11 time step 69
P13 time step 69
P2 time step 69
P3 time step 69
P4 time step 69
P5 time step 69
P6 time step 69
P8 time step 69
P0 time step 69
P15 time step 69
P9 time step 69
P12 time step 69
P1 time step 69
P14 time step 69
P21 time step 69
P22 time step 69
P18 time step 69
P30 time step 69
P25 time step 69
P27 time step 69
P26 time step 69
P29 time step 69
P16 time step 69
P31 time step 69
P24 time step 69
P17 time step 69
P23 time step 69
P19 time step 69
P20 time step 69
P28 time step 69
P1 time step 70
P7 time step 70
P11 time step 70
P13 time step 70
P2 time step 70
P3 time step 70
P4 time step 70
P5 time step 70
P6 time step 70
P8 time step 70
P0 time step 70
P15 time step 70
P9 time step 70
P12 time step 70
P14 time step 70
P10 time step 70
P20 time step 70
P21 time step 70
P22 time step 70
P18 time step 70
P30 time step 70
P25 time step 70
P27 time step 70
P26 time step 70
P29 time step 70
P16 time step 70
P31 time step 70
P24 time step 70
P17 time step 70
P23 time step 70
P19 time step 70
P28 time step 70
P12 time step 71
P14 time step 71
P1 time step 71
P7 time step 71
P11 time step 71
P13 time step 71
P2 time step 71
P3 time step 71
P4 time step 71
P5 time step 71
P6 time step 71
P8 time step 71
P0 time step 71
P15 time step 71
P9 time step 71
P10 time step 71
P19 time step 71
P20 time step 71
P21 time step 71
P22 time step 71
P18 time step 71
P30 time step 71
P25 time step 71
P27 time step 71
P26 time step 71
P29 time step 71
P16 time step 71
P31 time step 71
P24 time step 71
P17 time step 71
P23 time step 71
P28 time step 71
P9 time step 72
P12 time step 72
P14 time step 72
P1 time step 72
P7 time step 72
P11 time step 72
P13 time step 72
P2 time step 72
P3 time step 72
P4 time step 72
P5 time step 72
P6 time step 72
P8 time step 72
P0 time step 72
P15 time step 72
P10 time step 72
P23 time step 72
P19 time step 72
P20 time step 72
P21 time step 72
P22 time step 72
P18 time step 72
P30 time step 72
P25 time step 72
P27 time step 72
P26 time step 72
P29 time step 72
P16 time step 72
P31 time step 72
P24 time step 72
P17 time step 72
P28 time step 72
P15 time step 73
P9 time step 73
P12 time step 73
P14 time step 73
P1 time step 73
P7 time step 73
P11 time step 73
P13 time step 73
P2 time step 73
P3 time step 73
P4 time step 73
P5 time step 73
P6 time step 73
P8 time step 73
P0 time step 73
P10 time step 73
P17 time step 73
P23 time step 73
P19 time step 73
P20 time step 73
P21 time step 73
P22 time step 73
P18 time step 73
P30 time step 73
P25 time step 73
P27 time step 73
P26 time step 73
P29 time step 73
P16 time step 73
P31 time step 73
P24 time step 73
P28 time step 73
P0 time step 74
P15 time step 74
P9 time step 74
P12 time step 74
P14 time step 74
P1 time step 74
P7 time step 74
P11 time step 74
P13 time step 74
P2 time step 74
P3 time step 74
P4 time step 74
P5 time step 74
P6 time step 74
P8 time step 74
P10 time step 74
P24 time step 74
P17 time step 74
P23 time step 74
P19 time step 74
P20 time step 74
P21 time step 74
P22 time step 74
P18 time step 74
P30 time step 74
P25 time step 74
P27 time step 74
P26 time step 74
P29 time step 74
P16 time step 74
P31 time step 74
P28 time step 74
P8 time step 75
P0 time step 75
P15 time step 75
P9 time step 75
P12 time step 75
P14 time step 75
P1 time step 75
P7 time step 75
P11 time step 75
P13 time step 75
P2 time step 75
P3 time step 75
P4 time step 75
P5 time step 75
P6 time step 75
P10 time step 75
P31 time step 75
P24 time step 75
P17 time step 75
P23 time step 75
P19 time step 75
P20 time step 75
P21 time step 75
P22 time step 75
P18 time step 75
P30 time step 75
P25 time step 75
P27 time step 75
P26 time step 75
P29 time step 75
P16 time step 75
P28 time step 75
P6 time step 76
P8 time step 76
P0 time step 76
P15 time step 76
P9 time step 76
P12 time step 76
P14 time step 76
P1 time step 76
P7 time step 76
P11 time step 76
P13 time step 76
P2 time step 76
P3 time step 76
P4 time step 76
P5 time step 76
P10 time step 76
P16 time step 76
P31 time step 76
P24 time step 76
P17 time step 76
P23 time step 76
P19 time step 76
P20 time step 76
P21 time step 76
P22 time step 76
P18 time step 76
P30 time step 76
P25 time step 76
P27 time step 76
P26 time step 76
P29 time step 76
P28 time step 76
P5 time step 77
P6 time step 77
P8 time step 77
P0 time step 77
P15 time step 77
P9 time step 77
P12 time step 77
P14 time step 77
P1 time step 77
P7 time step 77
P11 time step 77
P13 time step 77
P2 time step 77
P3 time step 77
P4 time step 77
P10 time step 77
P29 time step 77
P16 time step 77
P31 time step 77
P24 time step 77
P17 time step 77
P23 time step 77
P19 time step 77
P20 time step 77
P21 time step 77
P22 time step 77
P18 time step 77
P30 time step 77
P25 time step 77
P27 time step 77
P26 time step 77
P28 time step 77
P4 time step 78
P5 time step 78
P6 time step 78
P8 time step 78
P0 time step 78
P15 time step 78
P9 time step 78
P12 time step 78
P14 time step 78
P1 time step 78
P7 time step 78
P11 time step 78
P13 time step 78
P2 time step 78
P3 time step 78
P10 time step 78
P26 time step 78
P29 time step 78
P16 time step 78
P31 time step 78
P24 time step 78
P17 time step 78
P23 time step 78
P19 time step 78
P20 time step 78
P21 time step 78
P22 time step 78
P18 time step 78
P30 time step 78
P25 time step 78
P27 time step 78
P28 time step 78
P3 time step 79
P4 time step 79
P5 time step 79
P6 time step 79
P8 time step 79
P0 time step 79
P15 time step 79
P9 time step 79
P12 time step 79
P14 time step 79
P1 time step 79
P7 time step 79
P11 time step 79
P13 time step 79
P2 time step 79
P10 time step 79
P27 time step 79
P26 time step 79
P29 time step 79
P16 time step 79
P31 time step 79
P24 time step 79
P17 time step 79
P23 time step 79
P19 time step 79
P20 time step 79
P21 time step 79
P22 time step 79
P18 time step 79
P30 time step 79
P25 time step 79
P28 time step 79
P2 time step 80
P3 time step 80
P4 time step 80
P5 time step 80
P6 time step 80
P8 time step 80
P0 time step 80
P15 time step 80
P9 time step 80
P12 time step 80
P14 time step 80
P1 time step 80
P7 time step 80
P11 time step 80
P13 time step 80
P10 time step 80
P25 time step 80
P27 time step 80
P26 time step 80
P29 time step 80
P16 time step 80
P31 time step 80
P24 time step 80
P17 time step 80
P23 time step 80
P19 time step 80
P20 time step 80
P21 time step 80
P22 time step 80
P18 time step 80
P30 time step 80
P28 time step 80
P0 time step 81
P13 time step 81
P2 time step 81
P3 time step 81
P4 time step 81
P5 time step 81
P6 time step 81
P8 time step 81
P10 time step 81
P15 time step 81
P9 time step 81
P12 time step 81
P14 time step 81
P1 time step 81
P7 time step 81
P11 time step 81
P30 time step 81
P25 time step 81
P27 time step 81
P26 time step 81
P29 time step 81
P16 time step 81
P31 time step 81
P24 time step 81
P17 time step 81
P23 time step 81
P19 time step 81
P20 time step 81
P21 time step 81
P22 time step 81
P18 time step 81
P28 time step 81
P0 time step 82
P13 time step 82
P2 time step 82
P3 time step 82
P4 time step 82
P5 time step 82
P6 time step 82
P8 time step 82
P10 time step 82
P15 time step 82
P9 time step 82
P12 time step 82
P14 time step 82
P1 time step 82
P7 time step 82
P11 time step 82
P18 time step 82
P30 time step 82
P25 time step 82
P27 time step 82
P26 time step 82
P29 time step 82
P16 time step 82
P31 time step 82
P24 time step 82
P17 time step 82
P23 time step 82
P19 time step 82
P20 time step 82
P21 time step 82
P22 time step 82
P28 time step 82
P7 time step 83
P0 time step 83
P13 time step 83
P2 time step 83
P3 time step 83
P4 time step 83
P5 time step 83
P6 time step 83
P8 time step 83
P10 time step 83
P15 time step 83
P9 time step 83
P12 time step 83
P14 time step 83
P1 time step 83
P11 time step 83
P22 time step 83
P18 time step 83
P30 time step 83
P25 time step 83
P27 time step 83
P26 time step 83
P29 time step 83
P16 time step 83
P31 time step 83
P24 time step 83
P17 time step 83
P23 time step 83
P19 time step 83
P20 time step 83
P21 time step 83
P28 time step 83
P1 time step 84
P0 time step 84
P2 time step 84
P3 time step 84
P4 time step 84
P5 time step 84
P6 time step 84
P8 time step 84
P10 time step 84
P15 time step 84
P9 time step 84
P12 time step 84
P14 time step 84
P11 time step 84
P7 time step 84
P13 time step 84
P18 time step 84
P30 time step 84
P25 time step 84
P27 time step 84
P26 time step 84
P29 time step 84
P16 time step 84
P31 time step 84
P24 time step 84
P17 time step 84
P23 time step 84
P19 time step 84
P20 time step 84
P28 time step 84
P21 time step 84
P22 time step 84
P14 time step 85
P11 time step 85
P1 time step 85
P7 time step 85
P0 time step 85
P2 time step 85
P3 time step 85
P4 time step 85
P5 time step 85
P6 time step 85
P8 time step 85
P10 time step 85
P15 time step 85
P9 time step 85
P12 time step 85
P13 time step 85
P28 time step 85
P21 time step 85
P20 time step 85
P18 time step 85
P30 time step 85
P25 time step 85
P27 time step 85
P26 time step 85
P29 time step 85
P16 time step 85
P31 time step 85
P24 time step 85
P17 time step 85
P23 time step 85
P19 time step 85
P22 time step 85
P12 time step 86
P14 time step 86
P11 time step 86
P1 time step 86
P7 time step 86
P0 time step 86
P2 time step 86
P3 time step 86
P4 time step 86
P5 time step 86
P6 time step 86
P8 time step 86
P10 time step 86
P15 time step 86
P9 time step 86
P13 time step 86
P19 time step 86
P28 time step 86
P21 time step 86
P20 time step 86
P18 time step 86
P30 time step 86
P25 time step 86
P27 time step 86
P26 time step 86
P29 time step 86
P16 time step 86
P31 time step 86
P24 time step 86
P17 time step 86
P23 time step 86
P22 time step 86
P9 time step 87
P12 time step 87
P14 time step 87
P11 time step 87
P1 time step 87
P7 time step 87
P0 time step 87
P2 time step 87
P3 time step 87
P4 time step 87
P5 time step 87
P6 time step 87
P8 time step 87
P10 time step 87
P15 time step 87
P13 time step 87
P23 time step 87
P19 time step 87
P28 time step 87
P21 time step 87
P20 time step 87
P18 time step 87
P30 time step 87
P25 time step 87
P27 time step 87
P26 time step 87
P29 time step 87
P16 time step 87
P31 time step 87
P24 time step 87
P17 time step 87
P22 time step 87
P15 time step 88
P9 time step 88
P12 time step 88
P14 time step 88
P11 time step 88
P1 time step 88
P7 time step 88
P0 time step 88
P2 time step 88
P3 time step 88
P4 time step 88
P5 time step 88
P6 time step 88
P8 time step 88
P10 time step 88
P13 time step 88
P17 time step 88
P23 time step 88
P19 time step 88
P28 time step 88
P21 time step 88
P20 time step 88
P18 time step 88
P30 time step 88
P25 time step 88
P27 time step 88
P26 time step 88
P29 time step 88
P16 time step 88
P31 time step 88
P24 time step 88
P22 time step 88
P10 time step 89
P15 time step 89
P9 time step 89
P12 time step 89
P14 time step 89
P11 time step 89
P1 time step 89
P7 time step 89
P0 time step 89
P2 time step 89
P3 time step 89
P4 time step 89
P5 time step 89
P6 time step 89
P8 time step 89
P13 time step 89
P24 time step 89
P17 time step 89
P23 time step 89
P19 time step 89
P28 time step 89
P21 time step 89
P20 time step 89
P18 time step 89
P30 time step 89
P25 time step 89
P27 time step 89
P26 time step 89
P29 time step 89
P16 time step 89
P31 time step 89
P22 time step 89
P8 time step 90
P10 time step 90
P15 time step 90
P9 time step 90
P12 time step 90
P14 time step 90
P11 time step 90
P1 time step 90
P7 time step 90
P0 time step 90
P2 time step 90
P3 time step 90
P4 time step 90
P5 time step 90
P6 time step 90
P13 time step 90
P31 time step 90
P24 time step 90
P17 time step 90
P23 time step 90
P19 time step 90
P28 time step 90
P21 time step 90
P20 time step 90
P18 time step 90
P30 time step 90
P25 time step 90
P27 time step 90
P26 time step 90
P29 time step 90
P16 time step 90
P22 time step 90
P6 time step 91
P8 time step 91
P10 time step 91
P15 time step 91
P9 time step 91
P12 time step 91
P14 time step 91
P11 time step 91
P1 time step 91
P7 time step 91
P0 time step 91
P2 time step 91
P3 time step 91
P4 time step 91
P5 time step 91
P13 time step 91
P16 time step 91
P31 time step 91
P24 time step 91
P17 time step 91
P23 time step 91
P19 time step 91
P28 time step 91
P21 time step 91
P20 time step 91
P18 time step 91
P30 time step 91
P25 time step 91
P27 time step 91
P26 time step 91
P29 time step 91
P22 time step 91
P5 time step 92
P6 time step 92
P8 time step 92
P10 time step 92
P15 time step 92
P9 time step 92
P12 time step 92
P14 time step 92
P11 time step 92
P1 time step 92
P7 time step 92
P0 time step 92
P2 time step 92
P3 time step 92
P4 time step 92
P13 time step 92
P29 time step 92
P16 time step 92
P31 time step 92
P24 time step 92
P17 time step 92
P23 time step 92
P19 time step 92
P28 time step 92
P21 time step 92
P20 time step 92
P18 time step 92
P30 time step 92
P25 time step 92
P27 time step 92
P26 time step 92
P22 time step 92
P4 time step 93
P5 time step 93
P6 time step 93
P8 time step 93
P10 time step 93
P15 time step 93
P9 time step 93
P12 time step 93
P14 time step 93
P11 time step 93
P1 time step 93
P7 time step 93
P0 time step 93
P2 time step 93
P3 time step 93
P13 time step 93
P26 time step 93
P29 time step 93
P16 time step 93
P31 time step 93
P24 time step 93
P17 time step 93
P23 time step 93
P19 time step 93
P28 time step 93
P21 time step 93
P20 time step 93
P18 time step 93
P30 time step 93
P25 time step 93
P27 time step 93
P22 time step 93
P3 time step 94
P4 time step 94
P5 time step 94
P6 time step 94
P8 time step 94
P10 time step 94
P15 time step 94
P9 time step 94
P12 time step 94
P14 time step 94
P11 time step 94
P1 time step 94
P7 time step 94
P0 time step 94
P2 time step 94
P13 time step 94
P27 time step 94
P26 time step 94
P29 time step 94
P16 time step 94
P31 time step 94
P24 time step 94
P17 time step 94
P23 time step 94
P19 time step 94
P28 time step 94
P21 time step 94
P20 time step 94
P18 time step 94
P30 time step 94
P25 time step 94
P22 time step 94
P2 time step 95
P3 time step 95
P4 time step 95
P5 time step 95
P6 time step 95
P8 time step 95
P10 time step 95
P15 time step 95
P9 time step 95
P12 time step 95
P14 time step 95
P11 time step 95
P1 time step 95
P7 time step 95
P0 time step 95
P13 time step 95
P25 time step 95
P27 time step 95
P26 time step 95
P29 time step 95
P16 time step 95
P31 time step 95
P24 time step 95
P17 time step 95
P23 time step 95
P19 time step 95
P28 time step 95
P21 time step 95
P20 time step 95
P18 time step 95
P30 time step 95
P22 time step 95
P0 time step 96
P2 time step 96
P3 time step 96
P4 time step 96
P5 time step 96
P6 time step 96
P8 time step 96
P10 time step 96
P15 time step 96
P9 time step 96
P12 time step 96
P14 time step 96
P11 time step 96
P1 time step 96
P7 time step 96
P13 time step 96
P30 time step 96
P25 time step 96
P27 time step 96
P26 time step 96
P29 time step 96
P16 time step 96
P31 time step 96
P24 time step 96
P17 time step 96
P23 time step 96
P19 time step 96
P28 time step 96
P21 time step 96
P20 time step 96
P18 time step 96
P22 time step 96
P7 time step 97
P0 time step 97
P2 time step 97
P3 time step 97
P4 time step 97
P5 time step 97
P6 time step 97
P8 time step 97
P10 time step 97
P15 time step 97
P9 time step 97
P12 time step 97
P14 time step 97
P11 time step 97
P1 time step 97
P13 time step 97
P18 time step 97
P30 time step 97
P25 time step 97
P27 time step 97
P26 time step 97
P29 time step 97
P16 time step 97
P31 time step 97
P24 time step 97
P17 time step 97
P23 time step 97
P19 time step 97
P28 time step 97
P21 time step 97
P20 time step 97
P22 time step 97
P1 time step 98
P7 time step 98
P0 time step 98
P2 time step 98
P3 time step 98
P4 time step 98
P5 time step 98
P6 time step 98
P8 time step 98
P10 time step 98
P15 time step 98
P9 time step 98
P12 time step 98
P14 time step 98
P11 time step 98
P13 time step 98
P20 time step 98
P18 time step 98
P30 time step 98
P25 time step 98
P27 time step 98
P26 time step 98
P29 time step 98
P16 time step 98
P31 time step 98
P24 time step 98
P17 time step 98
P23 time step 98
P19 time step 98
P28 time step 98
P21 time step 98
P22 time step 98
P11 time step 99
P1 time step 99
P7 time step 99
P0 time step 99
P2 time step 99
P3 time step 99
P4 time step 99
P5 time step 99
P6 time step 99
P8 time step 99
P10 time step 99
P15 time step 99
P9 time step 99
P12 time step 99
P14 time step 99
P13 time step 99
P20 time step 99
P18 time step 99
P30 time step 99
P25 time step 99
P27 time step 99
P26 time step 99
P29 time step 99
P16 time step 99
P31 time step 99
P24 time step 99
P17 time step 99
P23 time step 99
P19 time step 99
P28 time step 99
P22 time step 99
P21 time step 99
P1 Timing: 0 is 4.55384e-09
P1 Timing: 1 is 7.19964e-05
P1 Timing: 2 is 2.23941e-06
P7 Timing: 0 is 4.54493e-09
P7 Timing: 1 is 7.20643e-05
P7 Timing: 2 is 2.18453e-06
P0 Timing: 0 is 4.52204e-09
P0 Timing: 1 is 7.30052e-05
P0 Timing: 2 is 1.18631e-06
P2 Timing: 0 is 4.55416e-09
P2 Timing: 1 is 7.2485e-05
P2 Timing: 2 is 1.74608e-06
P3 Timing: 0 is 4.4995e-09
P3 Timing: 1 is 7.24036e-05
P3 Timing: 2 is 1.83205e-06
P4 Timing: 0 is 4.56835e-09
P4 Timing: 1 is 7.26862e-05
P4 Timing: 2 is 1.54186e-06
P5 Timing: 0 is 4.55959e-09
P5 Timing: 1 is 7.27618e-05
P5 Timing: 2 is 1.46871e-06
P6 Timing: 0 is 4.52822e-09
P6 Timing: 1 is 7.31633e-05
P6 Timing: 2 is 1.06831e-06
P8 Timing: 0 is 4.5334e-09
P8 Timing: 1 is 7.2971e-05
P8 Timing: 2 is 1.27568e-06
P10 Timing: 0 is 4.54668e-09
P10 Timing: 1 is 7.20363e-05
P10 Timing: 2 is 2.21582e-06
P15 Timing: 0 is 4.55916e-09
P15 Timing: 1 is 7.35864e-05
P15 Timing: 2 is 6.6231e-07
P9 Timing: 0 is 4.52957e-09
P9 Timing: 1 is 7.23347e-05
P9 Timing: 2 is 1.91894e-06
P12 Timing: 0 is 4.51007e-09
P12 Timing: 1 is 7.27683e-05
P12 Timing: 2 is 1.48398e-06
P13 Timing: 0 is 4.54013e-09
P13 Timing: 1 is 7.28696e-05
P13 Timing: 2 is 1.38407e-06
P14 Timing: 0 is 4.52191e-09
P14 Timing: 1 is 7.2047e-05
P14 Timing: 2 is 2.20715e-06
P11 Timing: 0 is 4.54568e-09
P11 Timing: 1 is 7.29689e-05
P11 Timing: 2 is 1.28481e-06
P22 Timing: 0 is 4.58541e-09
P22 Timing: 1 is 7.23659e-05
P22 Timing: 2 is 1.87847e-06
P28 Timing: 0 is 4.52183e-09
P28 Timing: 1 is 7.32954e-05
P28 Timing: 2 is 9.59178e-07
P18 Timing: 0 is 4.54705e-09
P18 Timing: 1 is 7.28897e-05
P18 Timing: 2 is 1.36256e-06
P30 Timing: 0 is 4.54718e-09
P30 Timing: 1 is 7.3005e-05
P30 Timing: 2 is 1.24797e-06
P27 Timing: 0 is 4.53403e-09
P27 Timing: 1 is 7.26243e-05
P27 Timing: 2 is 1.62646e-06
P26 Timing: 0 is 4.55075e-09
P26 Timing: 1 is 7.27959e-05
P26 Timing: 2 is 1.45092e-06
P16 Timing: 0 is 4.54718e-09
P16 Timing: 1 is 7.34796e-05
P16 Timing: 2 is 7.71404e-07
P31 Timing: 0 is 4.51077e-09
P31 Timing: 1 is 7.23051e-05
P31 Timing: 2 is 1.94625e-06
P24 Timing: 0 is 4.54315e-09
P24 Timing: 1 is 7.29279e-05
P24 Timing: 2 is 1.32085e-06
P17 Timing: 0 is 4.54177e-09
P17 Timing: 1 is 7.26566e-05
P17 Timing: 2 is 1.59449e-06
P23 Timing: 0 is 4.57074e-09
P23 Timing: 1 is 7.28802e-05
P23 Timing: 2 is 1.36504e-06
P19 Timing: 0 is 4.50849e-09
P19 Timing: 1 is 7.30749e-05
P19 Timing: 2 is 1.17474e-06
P21 Timing: 0 is 4.55941e-09
P21 Timing: 1 is 7.214e-05
P21 Timing: 2 is 2.11269e-06
P20 Timing: 0 is 4.56264e-09
P20 Timing: 1 is 7.26978e-05
P20 Timing: 2 is 1.55375e-06
P25 Timing: 0 is 4.56285e-09
P25 Timing: 1 is 7.19557e-05
P25 Timing: 2 is 2.29741e-06
P29 Timing: 0 is 4.52954e-09
P29 Timing: 1 is 7.20601e-05
P29 Timing: 2 is 2.19703e-06
Gobal Times Timing: 0 is 1.4534e-07
Gobal Times Timing: 1 is 0.0023253
Gobal Times Timing: 2 is 5.05592e-05
